<?xml version="1.0" encoding="UTF-8"?>
<!-- Generated by org.testng.reporters.JUnitReportReporter -->
<testsuite hostname="LTIN509522" failures="0" tests="3" name="testRunner.TestRunner" time="90.384" errors="0" timestamp="2024-04-18T15:35:11 IST" skipped="0">
  <testcase classname="testRunner.TestRunner" name="runScenario" time="47.600"/>
  <testcase classname="testRunner.TestRunner" name="runScenario" time="18.885"/>
  <testcase classname="testRunner.TestRunner" name="runScenario" time="23.899"/>
</testsuite> <!-- testRunner.TestRunner -->
