<?xml version="1.0" encoding="UTF-8"?>
<!-- Generated by org.testng.reporters.JUnitReportReporter -->
<testsuite hostname="LTIN509522" failures="0" tests="3" name="testRunner.TestRunner" time="91.178" errors="0" timestamp="2024-04-19T15:22:55 IST" skipped="0">
  <testcase classname="testRunner.TestRunner" name="runScenario" time="19.635"/>
  <testcase classname="testRunner.TestRunner" name="runScenario" time="56.474"/>
  <testcase classname="testRunner.TestRunner" name="runScenario" time="15.069"/>
</testsuite> <!-- testRunner.TestRunner -->
